<?xml version="1.0" encoding="UTF-8"?>
<!-- Generated by org.testng.reporters.JUnitXMLReporter -->
<testsuite ignored="0" hostname="MSI" failures="0" tests="5" name="Surefire test" time="3.33" errors="0" timestamp="2025-04-07T21:46:29 EDT">
  <testcase classname="com.example.api.AdvancedApiTest" name="testAllPosts" time="2.547"/>
  <testcase classname="com.example.api.AdvancedApiTest" name="testPostRequest" time="0.166"/>
  <testcase classname="com.example.api.AdvancedApiTest" name="testPostRequestWithData" time="0.182"/>
  <testcase classname="com.example.api.AdvancedApiTest" name="testPostRequestWithData" time="0.199"/>
  <testcase classname="com.example.api.AdvancedApiTest" name="testPostRequestWithData" time="0.185"/>
</testsuite> <!-- Surefire test -->
