<?xml version="1.0" encoding="UTF-8"?>
<!-- Generated by org.testng.reporters.JUnitXMLReporter -->
<testsuite ignored="0" hostname="MSI" failures="0" tests="5" name="Default test" time="3.322" errors="0" timestamp="2025-04-07T21:41:39 EDT">
  <testcase classname="com.example.api.AdvancedApiTest" name="testAllPosts" time="2.534"/>
  <testcase classname="com.example.api.AdvancedApiTest" name="testPostRequest" time="0.242"/>
  <testcase classname="com.example.api.AdvancedApiTest" name="testPostRequestWithData" time="0.167"/>
  <testcase classname="com.example.api.AdvancedApiTest" name="testPostRequestWithData" time="0.148"/>
  <testcase classname="com.example.api.AdvancedApiTest" name="testPostRequestWithData" time="0.169"/>
</testsuite> <!-- Default test -->
