<?xml version="1.0" encoding="UTF-8"?>
<testng-results ignored="0" total="5" passed="5" failed="0" skipped="0">
  <reporter-output>
  </reporter-output>
  <suite started-at="2025-04-07T21:46:26 EDT" name="Surefire suite" finished-at="2025-04-07T21:46:29 EDT" duration-ms="3330">
    <groups>
    </groups>
    <test started-at="2025-04-07T21:46:26 EDT" name="Surefire test" finished-at="2025-04-07T21:46:29 EDT" duration-ms="3330">
      <class name="com.example.api.AdvancedApiTest">
        <test-method signature="testAllPosts()[pri:0, instance:com.example.api.AdvancedApiTest@12d3a4e9]" started-at="2025-04-07T21:46:26 EDT" name="testAllPosts" finished-at="2025-04-07T21:46:29 EDT" duration-ms="2547" status="PASS">
          <reporter-output>
          </reporter-output>
        </test-method> <!-- testAllPosts -->
        <test-method signature="testPostRequest()[pri:0, instance:com.example.api.AdvancedApiTest@12d3a4e9]" started-at="2025-04-07T21:46:29 EDT" name="testPostRequest" finished-at="2025-04-07T21:46:29 EDT" duration-ms="166" status="PASS">
          <reporter-output>
          </reporter-output>
        </test-method> <!-- testPostRequest -->
        <test-method signature="testPostRequestWithData(java.lang.String,java.lang.String,int)[pri:0, instance:com.example.api.AdvancedApiTest@12d3a4e9]" started-at="2025-04-07T21:46:29 EDT" name="testPostRequestWithData" data-provider="postDataProvider" finished-at="2025-04-07T21:46:29 EDT" duration-ms="182" status="PASS">
          <params>
            <param index="0">
              <value>
                <![CDATA[foo]]>
              </value>
            </param>
            <param index="1">
              <value>
                <![CDATA[bar]]>
              </value>
            </param>
            <param index="2">
              <value>
                <![CDATA[1]]>
              </value>
            </param>
          </params>
          <reporter-output>
          </reporter-output>
        </test-method> <!-- testPostRequestWithData -->
        <test-method signature="testPostRequestWithData(java.lang.String,java.lang.String,int)[pri:0, instance:com.example.api.AdvancedApiTest@12d3a4e9]" started-at="2025-04-07T21:46:29 EDT" name="testPostRequestWithData" data-provider="postDataProvider" finished-at="2025-04-07T21:46:29 EDT" duration-ms="199" status="PASS">
          <params>
            <param index="0">
              <value>
                <![CDATA[test]]>
              </value>
            </param>
            <param index="1">
              <value>
                <![CDATA[message]]>
              </value>
            </param>
            <param index="2">
              <value>
                <![CDATA[2]]>
              </value>
            </param>
          </params>
          <reporter-output>
          </reporter-output>
        </test-method> <!-- testPostRequestWithData -->
        <test-method signature="testPostRequestWithData(java.lang.String,java.lang.String,int)[pri:0, instance:com.example.api.AdvancedApiTest@12d3a4e9]" started-at="2025-04-07T21:46:29 EDT" name="testPostRequestWithData" data-provider="postDataProvider" finished-at="2025-04-07T21:46:29 EDT" duration-ms="185" status="PASS">
          <params>
            <param index="0">
              <value>
                <![CDATA[hello]]>
              </value>
            </param>
            <param index="1">
              <value>
                <![CDATA[world]]>
              </value>
            </param>
            <param index="2">
              <value>
                <![CDATA[3]]>
              </value>
            </param>
          </params>
          <reporter-output>
          </reporter-output>
        </test-method> <!-- testPostRequestWithData -->
      </class> <!-- com.example.api.AdvancedApiTest -->
    </test> <!-- Surefire test -->
  </suite> <!-- Surefire suite -->
</testng-results>
