<?xml version="1.0" encoding="UTF-8"?>
<testsuite xmlns:xsi="http://www.w3.org/2001/XMLSchema-instance" xsi:noNamespaceSchemaLocation="https://maven.apache.org/surefire/maven-surefire-plugin/xsd/surefire-test-report-3.0.xsd" version="3.0" name="com.example.api.AdvancedApiTest" time="3.831" tests="5" errors="0" skipped="0" failures="0">
  <properties>
[...]
</properties>
  <testcase name="testAllPosts" classname="com.example.api.AdvancedApiTest" time="2.548"/>
  <testcase name="testPostRequest" classname="com.example.api.AdvancedApiTest" time="0.161"/>
  <testcase name="testPostRequestWithData[foo, bar, 1](1)" classname="com.example.api.AdvancedApiTest" time="0.188"/>
  <testcase name="testPostRequestWithData[test, message, 2](2)" classname="com.example.api.AdvancedApiTest" time="0.199"/>
  <testcase name="testPostRequestWithData[hello, world, 3](3)" classname="com.example.api.AdvancedApiTest" time="0.184"/>
</testsuite>