<?xml version="1.0" encoding="UTF-8"?>
<testng-results ignored="0" total="5" passed="5" failed="0" skipped="0">
  <reporter-output>
  </reporter-output>
  <suite started-at="2025-04-07T21:41:36 EDT" name="Default suite" finished-at="2025-04-07T21:41:39 EDT" duration-ms="3322">
    <groups>
    </groups>
    <test started-at="2025-04-07T21:41:36 EDT" name="Default test" finished-at="2025-04-07T21:41:39 EDT" duration-ms="3322">
      <class name="com.example.api.AdvancedApiTest">
        <test-method signature="testAllPosts()[pri:0, instance:com.example.api.AdvancedApiTest@2e005c4b]" started-at="2025-04-07T21:41:36 EDT" name="testAllPosts" finished-at="2025-04-07T21:41:38 EDT" duration-ms="2534" status="PASS">
          <reporter-output>
          </reporter-output>
        </test-method> <!-- testAllPosts -->
        <test-method signature="testPostRequest()[pri:0, instance:com.example.api.AdvancedApiTest@2e005c4b]" started-at="2025-04-07T21:41:38 EDT" name="testPostRequest" finished-at="2025-04-07T21:41:38 EDT" duration-ms="242" status="PASS">
          <reporter-output>
          </reporter-output>
        </test-method> <!-- testPostRequest -->
        <test-method signature="testPostRequestWithData(java.lang.String,java.lang.String,int)[pri:0, instance:com.example.api.AdvancedApiTest@2e005c4b]" started-at="2025-04-07T21:41:38 EDT" name="testPostRequestWithData" data-provider="postDataProvider" finished-at="2025-04-07T21:41:39 EDT" duration-ms="167" status="PASS">
          <params>
            <param index="0">
              <value>
                <![CDATA[foo]]>
              </value>
            </param>
            <param index="1">
              <value>
                <![CDATA[bar]]>
              </value>
            </param>
            <param index="2">
              <value>
                <![CDATA[1]]>
              </value>
            </param>
          </params>
          <reporter-output>
          </reporter-output>
        </test-method> <!-- testPostRequestWithData -->
        <test-method signature="testPostRequestWithData(java.lang.String,java.lang.String,int)[pri:0, instance:com.example.api.AdvancedApiTest@2e005c4b]" started-at="2025-04-07T21:41:39 EDT" name="testPostRequestWithData" data-provider="postDataProvider" finished-at="2025-04-07T21:41:39 EDT" duration-ms="148" status="PASS">
          <params>
            <param index="0">
              <value>
                <![CDATA[test]]>
              </value>
            </param>
            <param index="1">
              <value>
                <![CDATA[message]]>
              </value>
            </param>
            <param index="2">
              <value>
                <![CDATA[2]]>
              </value>
            </param>
          </params>
          <reporter-output>
          </reporter-output>
        </test-method> <!-- testPostRequestWithData -->
        <test-method signature="testPostRequestWithData(java.lang.String,java.lang.String,int)[pri:0, instance:com.example.api.AdvancedApiTest@2e005c4b]" started-at="2025-04-07T21:41:39 EDT" name="testPostRequestWithData" data-provider="postDataProvider" finished-at="2025-04-07T21:41:39 EDT" duration-ms="169" status="PASS">
          <params>
            <param index="0">
              <value>
                <![CDATA[hello]]>
              </value>
            </param>
            <param index="1">
              <value>
                <![CDATA[world]]>
              </value>
            </param>
            <param index="2">
              <value>
                <![CDATA[3]]>
              </value>
            </param>
          </params>
          <reporter-output>
          </reporter-output>
        </test-method> <!-- testPostRequestWithData -->
      </class> <!-- com.example.api.AdvancedApiTest -->
    </test> <!-- Default test -->
  </suite> <!-- Default suite -->
</testng-results>
